# JRE version: OpenJDK Runtime Environment Temurin-17.0.11+9 (17.0.11+9) (build 17.0.11+9)
# Java VM: OpenJDK 64-Bit Server VM Temurin-17.0.11+9 (17.0.11+9, mixed mode, emulated-client, tiered, compressed oops, compressed class ptrs, g1 gc, windows-amd64)
GC Precious Log:
 CPUs: 4 total, 4 available
 Memory: 3984M
 Large Page Support: Disabled
 NUMA Support: Disabled
 Compressed Oops: Enabled (32-bit)
 Heap Region Size: 1M
 Heap Min Capacity: 8M
 Heap Initial Capacity: 64M
 Heap Max Capacity: 1G
 Pre-touch: Disabled
 Parallel Workers: 4
 Concurrent Workers: 1
 Concurrent Refinement Workers: 4
 Periodic GC: Disabled
Heap:
 garbage-first heap   total 65536K, used 24624K [0x00000000c0000000, 0x0000000100000000)
  region size 1024K, 1 young (1024K), 0 survivors (0K)
 Metaspace       used 39335K, committed 39936K, reserved 1114112K
  class space    used 5206K, committed 5440K, reserved 1048576K
GC Heap History (20 events):
Event: 30837.873 GC heap before
{Heap before GC invocations=285 (full 272):
 garbage-first heap   total 65536K, used 24624K [0x00000000c0000000, 0x0000000100000000)
  region size 1024K, 1 young (1024K), 0 survivors (0K)
 Metaspace       used 39335K, committed 39936K, reserved 1114112K
  class space    used 5206K, committed 5440K, reserved 1048576K
}
Event: 30837.914 GC heap after
{Heap after GC invocations=286 (full 273):
 garbage-first heap   total 65536K, used 24624K [0x00000000c0000000, 0x0000000100000000)
  region size 1024K, 0 young (0K), 0 survivors (0K)
 Metaspace       used 39335K, committed 39936K, reserved 1114112K
  class space    used 5206K, committed 5440K, reserved 1048576K
}
Event: 30848.156 GC heap before
{Heap before GC invocations=286 (full 273):
 garbage-first heap   total 65536K, used 24624K [0x00000000c0000000, 0x0000000100000000)
  region size 1024K, 1 young (1024K), 0 survivors (0K)
 Metaspace       used 39335K, committed 39936K, reserved 1114112K
  class space    used 5206K, committed 5440K, reserved 1048576K
}
Event: 30848.190 GC heap after
{Heap after GC invocations=287 (full 274):
 garbage-first heap   total 65536K, used 24624K [0x00000000c0000000, 0x0000000100000000)
  region size 1024K, 0 young (0K), 0 survivors (0K)
 Metaspace       used 39335K, committed 39936K, reserved 1114112K
  class space    used 5206K, committed 5440K, reserved 1048576K
}
Event: 30858.579 GC heap before
{Heap before GC invocations=287 (full 274):
 garbage-first heap   total 65536K, used 24624K [0x00000000c0000000, 0x0000000100000000)
  region size 1024K, 1 young (1024K), 0 survivors (0K)
 Metaspace       used 39335K, committed 39936K, reserved 1114112K
  class space    used 5206K, committed 5440K, reserved 1048576K
}
Event: 30858.623 GC heap after
{Heap after GC invocations=288 (full 275):
 garbage-first heap   total 65536K, used 24624K [0x00000000c0000000, 0x0000000100000000)
  region size 1024K, 0 young (0K), 0 survivors (0K)
 Metaspace       used 39335K, committed 39936K, reserved 1114112K
  class space    used 5206K, committed 5440K, reserved 1048576K
}
Event: 30871.459 GC heap before
{Heap before GC invocations=288 (full 275):
 garbage-first heap   total 65536K, used 24624K [0x00000000c0000000, 0x0000000100000000)
  region size 1024K, 1 young (1024K), 0 survivors (0K)
 Metaspace       used 39335K, committed 39936K, reserved 1114112K
  class space    used 5206K, committed 5440K, reserved 1048576K
}
Event: 30871.517 GC heap after
{Heap after GC invocations=289 (full 276):
 garbage-first heap   total 65536K, used 24624K [0x00000000c0000000, 0x0000000100000000)
  region size 1024K, 0 young (0K), 0 survivors (0K)
 Metaspace       used 39335K, committed 39936K, reserved 1114112K
  class space    used 5206K, committed 5440K, reserved 1048576K
}
Event: 30885.991 GC heap before
{Heap before GC invocations=289 (full 276):
 garbage-first heap   total 65536K, used 24624K [0x00000000c0000000, 0x0000000100000000)
  region size 1024K, 1 young (1024K), 0 survivors (0K)
 Metaspace       used 39335K, committed 39936K, reserved 1114112K
  class space    used 5206K, committed 5440K, reserved 1048576K
}
Event: 30886.807 GC heap after
{Heap after GC invocations=290 (full 277):
 garbage-first heap   total 65536K, used 24624K [0x00000000c0000000, 0x0000000100000000)
  region size 1024K, 0 young (0K), 0 survivors (0K)
 Metaspace       used 39335K, committed 39936K, reserved 1114112K
  class space    used 5206K, committed 5440K, reserved 1048576K
}
Event: 30897.228 GC heap before
{Heap before GC invocations=290 (full 277):
 garbage-first heap   total 65536K, used 24624K [0x00000000c0000000, 0x0000000100000000)
  region size 1024K, 1 young (1024K), 0 survivors (0K)
 Metaspace       used 39335K, committed 39936K, reserved 1114112K
  class space    used 5206K, committed 5440K, reserved 1048576K
}
Event: 30897.272 GC heap after
{Heap after GC invocations=291 (full 278):
 garbage-first heap   total 65536K, used 24624K [0x00000000c0000000, 0x0000000100000000)
  region size 1024K, 0 young (0K), 0 survivors (0K)
 Metaspace       used 39335K, committed 39936K, reserved 1114112K
  class space    used 5206K, committed 5440K, reserved 1048576K
}
Event: 30910.155 GC heap before
{Heap before GC invocations=291 (full 278):
 garbage-first heap   total 65536K, used 24624K [0x00000000c0000000, 0x0000000100000000)
  region size 1024K, 1 young (1024K), 0 survivors (0K)
 Metaspace       used 39335K, committed 39936K, reserved 1114112K
  class space    used 5206K, committed 5440K, reserved 1048576K
}
Event: 30910.230 GC heap after
{Heap after GC invocations=292 (full 279):
 garbage-first heap   total 65536K, used 24624K [0x00000000c0000000, 0x0000000100000000)
  region size 1024K, 0 young (0K), 0 survivors (0K)
 Metaspace       used 39335K, committed 39936K, reserved 1114112K
  class space    used 5206K, committed 5440K, reserved 1048576K
}
Event: 30922.799 GC heap before
{Heap before GC invocations=292 (full 279):
 garbage-first heap   total 65536K, used 24624K [0x00000000c0000000, 0x0000000100000000)
  region size 1024K, 1 young (1024K), 0 survivors (0K)
 Metaspace       used 39335K, committed 39936K, reserved 1114112K
  class space    used 5206K, committed 5440K, reserved 1048576K
}
Event: 30922.847 GC heap after
{Heap after GC invocations=293 (full 280):
 garbage-first heap   total 65536K, used 24624K [0x00000000c0000000, 0x0000000100000000)
  region size 1024K, 0 young (0K), 0 survivors (0K)
 Metaspace       used 39335K, committed 39936K, reserved 1114112K
  class space    used 5206K, committed 5440K, reserved 1048576K
}
Event: 30937.400 GC heap before
{Heap before GC invocations=293 (full 280):
 garbage-first heap   total 65536K, used 24624K [0x00000000c0000000, 0x0000000100000000)
  region size 1024K, 1 young (1024K), 0 survivors (0K)
 Metaspace       used 39335K, committed 39936K, reserved 1114112K
  class space    used 5206K, committed 5440K, reserved 1048576K
}
Event: 30937.519 GC heap after
{Heap after GC invocations=294 (full 281):
 garbage-first heap   total 65536K, used 24624K [0x00000000c0000000, 0x0000000100000000)
  region size 1024K, 0 young (0K), 0 survivors (0K)
 Metaspace       used 39335K, committed 39936K, reserved 1114112K
  class space    used 5206K, committed 5440K, reserved 1048576K
}
Event: 30948.266 GC heap before
{Heap before GC invocations=294 (full 281):
 garbage-first heap   total 65536K, used 24624K [0x00000000c0000000, 0x0000000100000000)
  region size 1024K, 1 young (1024K), 0 survivors (0K)
 Metaspace       used 39335K, committed 39936K, reserved 1114112K
  class space    used 5206K, committed 5440K, reserved 1048576K
}
Event: 30948.313 GC heap after
{Heap after GC invocations=295 (full 282):
 garbage-first heap   total 65536K, used 24624K [0x00000000c0000000, 0x0000000100000000)
  region size 1024K, 0 young (0K), 0 survivors (0K)
 Metaspace       used 39335K, committed 39936K, reserved 1114112K
  class space    used 5206K, committed 5440K, reserved 1048576K
}

